This is pdfTeX, Version 3.14159265-2.6-1.40.21 (TeX Live 2020/Debian) (preloaded format=pdflatex 2021.8.16)  29 MAY 2023 19:10
entering extended mode
 restricted \write18 enabled.
 %&-line parsing enabled.
**\nonstopmode\input geodesica.tex
(./geodesica.tex (/usr/share/texlive/texmf-dist/tex/latex/base/article.cls
Document Class: article 2020/04/10 v1.4m Standard LaTeX document class
(/usr/share/texlive/texmf-dist/tex/latex/base/size10.clo
File: size10.clo 2020/04/10 v1.4m Standard LaTeX file (size option)
)
\c@part=\count177
\c@section=\count178
\c@subsection=\count179
\c@subsubsection=\count180
\c@paragraph=\count181
\c@subparagraph=\count182
\c@figure=\count183
\c@table=\count184
\abovecaptionskip=\skip47
\belowcaptionskip=\skip48
\bibindent=\dimen138
)
(/usr/share/texlive/texmf-dist/tex/latex/graphics/graphicx.sty
Package: graphicx 2020/09/09 v1.2b Enhanced LaTeX Graphics (DPC,SPQR)

(/usr/share/texlive/texmf-dist/tex/latex/graphics/keyval.sty
Package: keyval 2014/10/28 v1.15 key=value parser (DPC)
\KV@toks@=\toks15
)
(/usr/share/texlive/texmf-dist/tex/latex/graphics/graphics.sty
Package: graphics 2020/08/30 v1.4c Standard LaTeX Graphics (DPC,SPQR)

(/usr/share/texlive/texmf-dist/tex/latex/graphics/trig.sty
Package: trig 2016/01/03 v1.10 sin cos tan (DPC)
)
(/usr/share/texlive/texmf-dist/tex/latex/graphics-cfg/graphics.cfg
File: graphics.cfg 2016/06/04 v1.11 sample graphics configuration
)
Package graphics Info: Driver file: pdftex.def on input line 105.

(/usr/share/texlive/texmf-dist/tex/latex/graphics-def/pdftex.def
File: pdftex.def 2020/10/05 v1.2a Graphics/color driver for pdftex
))
\Gin@req@height=\dimen139
\Gin@req@width=\dimen140
)
(/usr/share/texlive/texmf-dist/tex/latex/amsmath/amsmath.sty
Package: amsmath 2020/09/23 v2.17i AMS math features
\@mathmargin=\skip49

For additional information on amsmath, use the `?' option.
(/usr/share/texlive/texmf-dist/tex/latex/amsmath/amstext.sty
Package: amstext 2000/06/29 v2.01 AMS text

(/usr/share/texlive/texmf-dist/tex/latex/amsmath/amsgen.sty
File: amsgen.sty 1999/11/30 v2.0 generic functions
\@emptytoks=\toks16
\ex@=\dimen141
))
(/usr/share/texlive/texmf-dist/tex/latex/amsmath/amsbsy.sty
Package: amsbsy 1999/11/29 v1.2d Bold Symbols
\pmbraise@=\dimen142
)
(/usr/share/texlive/texmf-dist/tex/latex/amsmath/amsopn.sty
Package: amsopn 2016/03/08 v2.02 operator names
)
\inf@bad=\count185
LaTeX Info: Redefining \frac on input line 234.
\uproot@=\count186
\leftroot@=\count187
LaTeX Info: Redefining \overline on input line 399.
\classnum@=\count188
\DOTSCASE@=\count189
LaTeX Info: Redefining \ldots on input line 496.
LaTeX Info: Redefining \dots on input line 499.
LaTeX Info: Redefining \cdots on input line 620.
\Mathstrutbox@=\box47
\strutbox@=\box48
\big@size=\dimen143
LaTeX Font Info:    Redeclaring font encoding OML on input line 743.
LaTeX Font Info:    Redeclaring font encoding OMS on input line 744.
\macc@depth=\count190
\c@MaxMatrixCols=\count191
\dotsspace@=\muskip16
\c@parentequation=\count192
\dspbrk@lvl=\count193
\tag@help=\toks17
\row@=\count194
\column@=\count195
\maxfields@=\count196
\andhelp@=\toks18
\eqnshift@=\dimen144
\alignsep@=\dimen145
\tagshift@=\dimen146
\tagwidth@=\dimen147
\totwidth@=\dimen148
\lineht@=\dimen149
\@envbody=\toks19
\multlinegap=\skip50
\multlinetaggap=\skip51
\mathdisplay@stack=\toks20
LaTeX Info: Redefining \[ on input line 2923.
LaTeX Info: Redefining \] on input line 2924.
)
(/usr/share/texlive/texmf-dist/tex/latex/amsfonts/amssymb.sty
Package: amssymb 2013/01/14 v3.01 AMS font symbols

(/usr/share/texlive/texmf-dist/tex/latex/amsfonts/amsfonts.sty
Package: amsfonts 2013/01/14 v3.01 Basic AMSFonts support
\symAMSa=\mathgroup4
\symAMSb=\mathgroup5
LaTeX Font Info:    Redeclaring math symbol \hbar on input line 98.
LaTeX Font Info:    Overwriting math alphabet `\mathfrak' in version `bold'
(Font)                  U/euf/m/n --> U/euf/b/n on input line 106.
))
(/usr/share/texlive/texmf-dist/tex/latex/cancel/cancel.sty
Package: cancel 2013/04/12 v2.2 Cancel math terms
)
(/usr/share/texlive/texmf-dist/tex/latex/tools/multicol.sty
Package: multicol 2019/12/09 v1.8y multicolumn formatting (FMi)
\c@tracingmulticols=\count197
\mult@box=\box49
\multicol@leftmargin=\dimen150
\c@unbalance=\count198
\c@collectmore=\count199
\doublecol@number=\count266
\multicoltolerance=\count267
\multicolpretolerance=\count268
\full@width=\dimen151
\page@free=\dimen152
\premulticols=\dimen153
\postmulticols=\dimen154
\multicolsep=\skip52
\multicolbaselineskip=\skip53
\partial@page=\box50
\last@line=\box51
\maxbalancingoverflow=\dimen155
\mult@rightbox=\box52
\mult@grightbox=\box53
\mult@gfirstbox=\box54
\mult@firstbox=\box55
\@tempa=\box56
\@tempa=\box57
\@tempa=\box58
\@tempa=\box59
\@tempa=\box60
\@tempa=\box61
\@tempa=\box62
\@tempa=\box63
\@tempa=\box64
\@tempa=\box65
\@tempa=\box66
\@tempa=\box67
\@tempa=\box68
\@tempa=\box69
\@tempa=\box70
\@tempa=\box71
\@tempa=\box72
\@tempa=\box73
\@tempa=\box74
\@tempa=\box75
\@tempa=\box76
\@tempa=\box77
\@tempa=\box78
\@tempa=\box79
\@tempa=\box80
\@tempa=\box81
\@tempa=\box82
\@tempa=\box83
\@tempa=\box84
\@tempa=\box85
\@tempa=\box86
\@tempa=\box87
\@tempa=\box88
\@tempa=\box89
\@tempa=\box90
\@tempa=\box91
\@tempa=\box92
\c@minrows=\count269
\c@columnbadness=\count270
\c@finalcolumnbadness=\count271
\last@try=\dimen156
\multicolovershoot=\dimen157
\multicolundershoot=\dimen158
\mult@nat@firstbox=\box93
\colbreak@box=\box94
\mc@col@check@num=\count272
)
(/usr/share/texlive/texmf-dist/tex/latex/blindtext/blindtext.sty
Package: blindtext 2012/01/06 V2.0 blindtext-Package

(/usr/share/texlive/texmf-dist/tex/latex/tools/xspace.sty
Package: xspace 2014/10/28 v1.13 Space after command names (DPC,MH)
)
\c@blindtext=\count273
\c@Blindtext=\count274
\c@blind@countparstart=\count275
\blind@countxx=\count276
\blindtext@numBlindtext=\count277
\blind@countyy=\count278
\c@blindlist=\count279
\c@blindlistlevel=\count280
\c@blindlist@level=\count281
\blind@listitem=\count282
\c@blind@listcount=\count283
\c@blind@levelcount=\count284
\blind@mathformula=\count285
\blind@Mathformula=\count286
\c@blind@randomcount=\count287
\c@blind@randommax=\count288
\c@blind@pangramcount=\count289
\c@blind@pangrammax=\count290
)
(/usr/share/texlive/texmf-dist/tex/latex/hyperref/hyperref.sty
Package: hyperref 2020-05-15 v7.00e Hypertext links for LaTeX

(/usr/share/texlive/texmf-dist/tex/generic/ltxcmds/ltxcmds.sty
Package: ltxcmds 2020-05-10 v1.25 LaTeX kernel commands for general use (HO)
)
(/usr/share/texlive/texmf-dist/tex/generic/iftex/iftex.sty
Package: iftex 2020/03/06 v1.0d TeX engine tests
)
(/usr/share/texlive/texmf-dist/tex/generic/pdftexcmds/pdftexcmds.sty
Package: pdftexcmds 2020-06-27 v0.33 Utility functions of pdfTeX for LuaTeX (HO
)

(/usr/share/texlive/texmf-dist/tex/generic/infwarerr/infwarerr.sty
Package: infwarerr 2019/12/03 v1.5 Providing info/warning/error messages (HO)
)
Package pdftexcmds Info: \pdf@primitive is available.
Package pdftexcmds Info: \pdf@ifprimitive is available.
Package pdftexcmds Info: \pdfdraftmode found.
)
(/usr/share/texlive/texmf-dist/tex/generic/kvsetkeys/kvsetkeys.sty
Package: kvsetkeys 2019/12/15 v1.18 Key value parser (HO)
)
(/usr/share/texlive/texmf-dist/tex/generic/kvdefinekeys/kvdefinekeys.sty
Package: kvdefinekeys 2019-12-19 v1.6 Define keys (HO)
)
(/usr/share/texlive/texmf-dist/tex/generic/pdfescape/pdfescape.sty
Package: pdfescape 2019/12/09 v1.15 Implements pdfTeX's escape features (HO)
)
(/usr/share/texlive/texmf-dist/tex/latex/hycolor/hycolor.sty
Package: hycolor 2020-01-27 v1.10 Color options for hyperref/bookmark (HO)
)
(/usr/share/texlive/texmf-dist/tex/latex/letltxmacro/letltxmacro.sty
Package: letltxmacro 2019/12/03 v1.6 Let assignment for LaTeX macros (HO)
)
(/usr/share/texlive/texmf-dist/tex/latex/auxhook/auxhook.sty
Package: auxhook 2019-12-17 v1.6 Hooks for auxiliary files (HO)
)
(/usr/share/texlive/texmf-dist/tex/latex/kvoptions/kvoptions.sty
Package: kvoptions 2020-10-07 v3.14 Key value format for package options (HO)
)
\@linkdim=\dimen159
\Hy@linkcounter=\count291
\Hy@pagecounter=\count292

(/usr/share/texlive/texmf-dist/tex/latex/hyperref/pd1enc.def
File: pd1enc.def 2020-05-15 v7.00e Hyperref: PDFDocEncoding definition (HO)
Now handling font encoding PD1 ...
... no UTF-8 mapping file for font encoding PD1
)
(/usr/share/texlive/texmf-dist/tex/generic/intcalc/intcalc.sty
Package: intcalc 2019/12/15 v1.3 Expandable calculations with integers (HO)
)
(/usr/share/texlive/texmf-dist/tex/generic/etexcmds/etexcmds.sty
Package: etexcmds 2019/12/15 v1.7 Avoid name clashes with e-TeX commands (HO)
)
\Hy@SavedSpaceFactor=\count293
Package hyperref Info: Hyper figures OFF on input line 4464.
Package hyperref Info: Link nesting OFF on input line 4469.
Package hyperref Info: Hyper index ON on input line 4472.
Package hyperref Info: Plain pages OFF on input line 4479.
Package hyperref Info: Backreferencing OFF on input line 4484.
Package hyperref Info: Implicit mode ON; LaTeX internals redefined.
Package hyperref Info: Bookmarks ON on input line 4717.
\c@Hy@tempcnt=\count294

(/usr/share/texlive/texmf-dist/tex/latex/url/url.sty
\Urlmuskip=\muskip17
Package: url 2013/09/16  ver 3.4  Verb mode for urls, etc.
)
LaTeX Info: Redefining \url on input line 5076.
\XeTeXLinkMargin=\dimen160

(/usr/share/texlive/texmf-dist/tex/generic/bitset/bitset.sty
Package: bitset 2019/12/09 v1.3 Handle bit-vector datatype (HO)

(/usr/share/texlive/texmf-dist/tex/generic/bigintcalc/bigintcalc.sty
Package: bigintcalc 2019/12/15 v1.5 Expandable calculations on big integers (HO
)
))
\Fld@menulength=\count295
\Field@Width=\dimen161
\Fld@charsize=\dimen162
Package hyperref Info: Hyper figures OFF on input line 6347.
Package hyperref Info: Link nesting OFF on input line 6352.
Package hyperref Info: Hyper index ON on input line 6355.
Package hyperref Info: backreferencing OFF on input line 6362.
Package hyperref Info: Link coloring OFF on input line 6367.
Package hyperref Info: Link coloring with OCG OFF on input line 6372.
Package hyperref Info: PDF/A mode OFF on input line 6377.
LaTeX Info: Redefining \ref on input line 6417.
LaTeX Info: Redefining \pageref on input line 6421.

(/usr/share/texlive/texmf-dist/tex/latex/base/atbegshi-ltx.sty
Package: atbegshi-ltx 2020/08/17 v1.0a Emulation of the original atbegshi packa
ge
with kernel methods
)
\Hy@abspage=\count296
\c@Item=\count297
\c@Hfootnote=\count298
)
Package hyperref Info: Driver (autodetected): hpdftex.

(/usr/share/texlive/texmf-dist/tex/latex/hyperref/hpdftex.def
File: hpdftex.def 2020-05-15 v7.00e Hyperref driver for pdfTeX

(/usr/share/texlive/texmf-dist/tex/latex/base/atveryend-ltx.sty
Package: atveryend-ltx 2020/08/19 v1.0a Emulation of the original atvery packag
e
with kernel methods
)
\Fld@listcount=\count299
\c@bookmark@seq@number=\count300

(/usr/share/texlive/texmf-dist/tex/latex/rerunfilecheck/rerunfilecheck.sty
Package: rerunfilecheck 2019/12/05 v1.9 Rerun checks for auxiliary files (HO)

(/usr/share/texlive/texmf-dist/tex/generic/uniquecounter/uniquecounter.sty
Package: uniquecounter 2019/12/15 v1.4 Provide unlimited unique counter (HO)
)
Package uniquecounter Info: New unique counter `rerunfilecheck' on input line 2
86.
)
\Hy@SectionHShift=\skip54
)
(/usr/share/texlive/texmf-dist/tex/latex/geometry/geometry.sty
Package: geometry 2020/01/02 v5.9 Page Geometry

(/usr/share/texlive/texmf-dist/tex/generic/iftex/ifvtex.sty
Package: ifvtex 2019/10/25 v1.7 ifvtex legacy package. Use iftex instead.
)
\Gm@cnth=\count301
\Gm@cntv=\count302
\c@Gm@tempcnt=\count303
\Gm@bindingoffset=\dimen163
\Gm@wd@mp=\dimen164
\Gm@odd@mp=\dimen165
\Gm@even@mp=\dimen166
\Gm@layoutwidth=\dimen167
\Gm@layoutheight=\dimen168
\Gm@layouthoffset=\dimen169
\Gm@layoutvoffset=\dimen170
\Gm@dimlist=\toks21
)
(/usr/share/texlive/texmf-dist/tex/latex/l3backend/l3backend-pdftex.def
File: l3backend-pdftex.def 2020-01-29 L3 backend support: PDF output (pdfTeX)
\l__color_backend_stack_int=\count304
\l__pdf_internal_box=\box95
)

LaTeX Warning: Unused global option(s):
    [a4papper].

(./geodesica.aux)
\openout1 = `geodesica.aux'.

LaTeX Font Info:    Checking defaults for OML/cmm/m/it on input line 14.
LaTeX Font Info:    ... okay on input line 14.
LaTeX Font Info:    Checking defaults for OMS/cmsy/m/n on input line 14.
LaTeX Font Info:    ... okay on input line 14.
LaTeX Font Info:    Checking defaults for OT1/cmr/m/n on input line 14.
LaTeX Font Info:    ... okay on input line 14.
LaTeX Font Info:    Checking defaults for T1/cmr/m/n on input line 14.
LaTeX Font Info:    ... okay on input line 14.
LaTeX Font Info:    Checking defaults for TS1/cmr/m/n on input line 14.
LaTeX Font Info:    ... okay on input line 14.
LaTeX Font Info:    Checking defaults for OMX/cmex/m/n on input line 14.
LaTeX Font Info:    ... okay on input line 14.
LaTeX Font Info:    Checking defaults for U/cmr/m/n on input line 14.
LaTeX Font Info:    ... okay on input line 14.
LaTeX Font Info:    Checking defaults for PD1/pdf/m/n on input line 14.
LaTeX Font Info:    ... okay on input line 14.

(/usr/share/texlive/texmf-dist/tex/context/base/mkii/supp-pdf.mkii
[Loading MPS to PDF converter (version 2006.09.02).]
\scratchcounter=\count305
\scratchdimen=\dimen171
\scratchbox=\box96
\nofMPsegments=\count306
\nofMParguments=\count307
\everyMPshowfont=\toks22
\MPscratchCnt=\count308
\MPscratchDim=\dimen172
\MPnumerator=\count309
\makeMPintoPDFobject=\count310
\everyMPtoPDFconversion=\toks23
) (/usr/share/texlive/texmf-dist/tex/latex/epstopdf-pkg/epstopdf-base.sty
Package: epstopdf-base 2020-01-24 v2.11 Base part for package epstopdf
Package epstopdf-base Info: Redefining graphics rule for `.eps' on input line 4
85.

(/usr/share/texlive/texmf-dist/tex/latex/latexconfig/epstopdf-sys.cfg
File: epstopdf-sys.cfg 2010/07/13 v1.3 Configuration of (r)epstopdf for TeX Liv
e
))
Package hyperref Info: Link coloring OFF on input line 14.

(/usr/share/texlive/texmf-dist/tex/latex/hyperref/nameref.sty
Package: nameref 2019/09/16 v2.46 Cross-referencing by name of section

(/usr/share/texlive/texmf-dist/tex/latex/refcount/refcount.sty
Package: refcount 2019/12/15 v3.6 Data extraction from label references (HO)
)
(/usr/share/texlive/texmf-dist/tex/generic/gettitlestring/gettitlestring.sty
Package: gettitlestring 2019/12/15 v1.6 Cleanup title references (HO)
)
\c@section@level=\count311
)
LaTeX Info: Redefining \ref on input line 14.
LaTeX Info: Redefining \pageref on input line 14.
LaTeX Info: Redefining \nameref on input line 14.

(./geodesica.out) (./geodesica.out)
\@outlinefile=\write3
\openout3 = `geodesica.out'.


*geometry* driver: auto-detecting
*geometry* detected driver: pdftex
*geometry* verbose mode - [ preamble ] result:
* driver: pdftex
* paper: <default>
* layout: <same size as paper>
* layoutoffset:(h,v)=(0.0pt,0.0pt)
* modes: 
* h-part:(L,W,R)=(42.67912pt, 486.25761pt, 85.35826pt)
* v-part:(T,H,B)=(56.9055pt, 681.15898pt, 56.9055pt)
* \paperwidth=614.295pt
* \paperheight=794.96999pt
* \textwidth=486.25761pt
* \textheight=681.15898pt
* \oddsidemargin=-29.59087pt
* \evensidemargin=-29.59087pt
* \topmargin=-52.36449pt
* \headheight=12.0pt
* \headsep=25.0pt
* \topskip=10.0pt
* \footskip=30.0pt
* \marginparwidth=65.0pt
* \marginparsep=11.0pt
* \columnsep=10.0pt
* \skip\footins=9.0pt plus 4.0pt minus 2.0pt
* \hoffset=0.0pt
* \voffset=0.0pt
* \mag=1000
* \@twocolumnfalse
* \@twosidefalse
* \@mparswitchfalse
* \@reversemarginfalse
* (1in=72.27pt=25.4mm, 1cm=28.453pt)


Underfull \hbox (badness 10000) in paragraph at lines 17--19

 []

[1

{/var/lib/texmf/fonts/map/pdftex/updmap/pdftex.map}]
LaTeX Font Info:    Trying to load font information for U+msa on input line 24.


(/usr/share/texlive/texmf-dist/tex/latex/amsfonts/umsa.fd
File: umsa.fd 2013/01/14 v3.01 AMS symbols A
)
LaTeX Font Info:    Trying to load font information for U+msb on input line 24.


(/usr/share/texlive/texmf-dist/tex/latex/amsfonts/umsb.fd
File: umsb.fd 2013/01/14 v3.01 AMS symbols B
)
Underfull \hbox (badness 10000) in paragraph at lines 26--27

 []


Underfull \hbox (badness 10000) in paragraph at lines 34--35

 []

! Double superscript.
<recently read> ^
                 
l.38 \[u^i'
           '+\Gamma_{jk}^iu^j'u^k'=0\]
I treat `x^1^2' essentially like `x^1{}^2'.

! Double superscript.
<recently read> ^
                 
l.38 \[u^i''+\Gamma_{jk}^iu^j'
                              u^k'=0\]
I treat `x^1^2' essentially like `x^1{}^2'.

! Double superscript.
<recently read> ^
                 
l.38 \[u^i''+\Gamma_{jk}^iu^j'u^k'
                                  =0\]
I treat `x^1^2' essentially like `x^1{}^2'.

[2]
Underfull \hbox (badness 10000) in paragraph at lines 43--44

 []


Overfull \hbox (18.12057pt too wide) detected at line 55
\OML/cmm/m/it/14.4 g[] \OT1/cmr/m/n/14.4 = [] \OMS/cmsy/m/n/14.4 ^^A [] \OT1/cm
r/m/n/14.4 = (\OML/cmm/m/it/14.4 R \OT1/cmr/m/n/14.4 + \OML/cmm/m/it/14.4 r [] 
u[]\OT1/cmr/m/n/14.4 )\OML/cmm/m/it/14.4 r [] u[] [] u[] [] u[] \OMS/cmsy/m/n/1
4.4 ^^@ \OT1/cmr/m/n/14.4 (\OML/cmm/m/it/14.4 R \OT1/cmr/m/n/14.4 + \OML/cmm/m/
it/14.4 r [] u[]\OT1/cmr/m/n/14.4 )\OML/cmm/m/it/14.4 r [] u[] [] u[] [] u[] \O
T1/cmr/m/n/14.4 = 0
 []

[3]
Underfull \hbox (badness 10000) in paragraph at lines 93--94

 []


Underfull \hbox (badness 10000) in paragraph at lines 99--100

 []


Underfull \hbox (badness 10000) in paragraph at lines 103--104

 []

[4]
Overfull \hbox (50.00632pt too wide) detected at line 112
\OT1/cmr/m/n/14.4 ^^@[] = ^^@[] = 0(0 \OMS/cmsy/m/n/14.4 ^^@ \OT1/cmr/m/n/14.4 
0 + 0) + [](0 \OMS/cmsy/m/n/14.4 ^^@ \OT1/cmr/m/n/14.4 0 \OMS/cmsy/m/n/14.4 ^^@
 \OT1/cmr/m/n/14.4 2\OML/cmm/m/it/14.4 r\OT1/cmr/m/n/14.4 (\OML/cmm/m/it/14.4 R
 \OT1/cmr/m/n/14.4 + \OML/cmm/m/it/14.4 r [] u[]\OT1/cmr/m/n/14.4 ) [] \OML/cmm
/m/it/14.4 u[]\OT1/cmr/m/n/14.4 ) = \OMS/cmsy/m/n/14.4 ^^@[]
 []


Underfull \hbox (badness 10000) in paragraph at lines 112--113

 []


Underfull \hbox (badness 10000) in paragraph at lines 116--117

 []


Underfull \hbox (badness 10000) in paragraph at lines 120--121

 []

[5]
! Double superscript.
<recently read> ^
                 
l.125 \[u^1'
            '+\Gamma_{22}^1u^2'u^2'=0\quad\to\quad
I treat `x^1^2' essentially like `x^1{}^2'.

! Double superscript.
<recently read> ^
                 
l.125 \[u^1''+\Gamma_{22}^1u^2'
                               u^2'=0\quad\to\quad
I treat `x^1^2' essentially like `x^1{}^2'.

! Double superscript.
<recently read> ^
                 
l.125 \[u^1''+\Gamma_{22}^1u^2'u^2'
                                   =0\quad\to\quad
I treat `x^1^2' essentially like `x^1{}^2'.

! Double superscript.
<recently read> ^
                 
l.126 u^1'
          '+\frac{(R+r\cos u^1)\sin u^1}{r}u^2'u^2'=0\]
I treat `x^1^2' essentially like `x^1{}^2'.

! Double superscript.
<recently read> ^
                 
l.126 u^1''+\frac{(R+r\cos u^1)\sin u^1}{r}u^2'
                                               u^2'=0\]
I treat `x^1^2' essentially like `x^1{}^2'.

! Double superscript.
<recently read> ^
                 
l.126 ...'+\frac{(R+r\cos u^1)\sin u^1}{r}u^2'u^2'
                                                  =0\]
I treat `x^1^2' essentially like `x^1{}^2'.

! Double superscript.
<recently read> ^
                 
l.128 \[u^2'
            '+\Gamma_{12}^2u^1'u^2'=0\quad\to\quad
I treat `x^1^2' essentially like `x^1{}^2'.

! Double superscript.
<recently read> ^
                 
l.128 \[u^2''+\Gamma_{12}^2u^1'
                               u^2'=0\quad\to\quad
I treat `x^1^2' essentially like `x^1{}^2'.

! Double superscript.
<recently read> ^
                 
l.128 \[u^2''+\Gamma_{12}^2u^1'u^2'
                                   =0\quad\to\quad
I treat `x^1^2' essentially like `x^1{}^2'.

! Double superscript.
<recently read> ^
                 
l.129 u^2'
          '-\frac{r\sin u^1}{(R+r\cos u^1)}u^1'u^2'=0\]
I treat `x^1^2' essentially like `x^1{}^2'.

! Double superscript.
<recently read> ^
                 
l.129 u^2''-\frac{r\sin u^1}{(R+r\cos u^1)}u^1'
                                               u^2'=0\]
I treat `x^1^2' essentially like `x^1{}^2'.

! Double superscript.
<recently read> ^
                 
l.129 ...'-\frac{r\sin u^1}{(R+r\cos u^1)}u^1'u^2'
                                                  =0\]
I treat `x^1^2' essentially like `x^1{}^2'.

[6]
Underfull \hbox (badness 10000) in paragraph at lines 142--143

 []


Underfull \hbox (badness 10000) in paragraph at lines 158--159

 []

[7]
<p1-1.png, id=42, 462.528pt x 346.896pt>
File: p1-1.png Graphic file (type png)
<use p1-1.png>
Package pdftex.def Info: p1-1.png  used on input line 183.
(pdftex.def)             Requested size: 323.76738pt x 242.82553pt.
<p1-2.png, id=44, 462.528pt x 346.896pt>
File: p1-2.png Graphic file (type png)
<use p1-2.png>
Package pdftex.def Info: p1-2.png  used on input line 184.
(pdftex.def)             Requested size: 323.76738pt x 242.82553pt.
 [8 <./p1-1.png> <./p1-2.png>]
<p2-3.png, id=51, 462.528pt x 346.896pt>
File: p2-3.png Graphic file (type png)
<use p2-3.png>
Package pdftex.def Info: p2-3.png  used on input line 197.
(pdftex.def)             Requested size: 323.76738pt x 242.82553pt.
<p2-2.png, id=52, 462.528pt x 346.896pt>
File: p2-2.png Graphic file (type png)
<use p2-2.png>
Package pdftex.def Info: p2-2.png  used on input line 198.
(pdftex.def)             Requested size: 323.76738pt x 242.82553pt.
 [9 <./p2-3.png> <./p2-2.png>]
<p3-5.png, id=59, 462.528pt x 346.896pt>
File: p3-5.png Graphic file (type png)
<use p3-5.png>
Package pdftex.def Info: p3-5.png  used on input line 211.
(pdftex.def)             Requested size: 323.76738pt x 242.82553pt.
<p3-4.png, id=60, 462.528pt x 346.896pt>
File: p3-4.png Graphic file (type png)
<use p3-4.png>
Package pdftex.def Info: p3-4.png  used on input line 212.
(pdftex.def)             Requested size: 323.76738pt x 242.82553pt.
 [10 <./p3-5.png> <./p3-4.png>]
<p4-1.png, id=67, 462.528pt x 346.896pt>
File: p4-1.png Graphic file (type png)
<use p4-1.png>
Package pdftex.def Info: p4-1.png  used on input line 225.
(pdftex.def)             Requested size: 323.76738pt x 242.82553pt.
<p4-2.png, id=68, 462.528pt x 346.896pt>
File: p4-2.png Graphic file (type png)
<use p4-2.png>
Package pdftex.def Info: p4-2.png  used on input line 226.
(pdftex.def)             Requested size: 323.76738pt x 242.82553pt.
 [11 <./p4-1.png> <./p4-2.png>]
<p5-1.png, id=75, 462.528pt x 346.896pt>
File: p5-1.png Graphic file (type png)
<use p5-1.png>
Package pdftex.def Info: p5-1.png  used on input line 239.
(pdftex.def)             Requested size: 323.76738pt x 242.82553pt.
<p5-2.png, id=76, 462.528pt x 346.896pt>
File: p5-2.png Graphic file (type png)
<use p5-2.png>
Package pdftex.def Info: p5-2.png  used on input line 240.
(pdftex.def)             Requested size: 323.76738pt x 242.82553pt.
 [12 <./p5-1.png> <./p5-2.png>]
<p6-1.png, id=83, 462.528pt x 346.896pt>
File: p6-1.png Graphic file (type png)
<use p6-1.png>
Package pdftex.def Info: p6-1.png  used on input line 253.
(pdftex.def)             Requested size: 323.76738pt x 242.82553pt.
<p6-2.png, id=84, 462.528pt x 346.896pt>
File: p6-2.png Graphic file (type png)
<use p6-2.png>
Package pdftex.def Info: p6-2.png  used on input line 254.
(pdftex.def)             Requested size: 323.76738pt x 242.82553pt.

[13 <./p6-1.png> <./p6-2.png>]
<p7-1.png, id=92, 462.528pt x 346.896pt>
File: p7-1.png Graphic file (type png)
<use p7-1.png>
Package pdftex.def Info: p7-1.png  used on input line 267.
(pdftex.def)             Requested size: 323.76738pt x 242.82553pt.
<p7-2.png, id=93, 462.528pt x 346.896pt>
File: p7-2.png Graphic file (type png)
<use p7-2.png>
Package pdftex.def Info: p7-2.png  used on input line 268.
(pdftex.def)             Requested size: 323.76738pt x 242.82553pt.
 [14 <./p7-1.png> <./p7-2.png>] (./geodesica.aux)
Package rerunfilecheck Info: File `geodesica.out' has not changed.
(rerunfilecheck)             Checksum: D41D8CD98F00B204E9800998ECF8427E;0.
 ) 
Here is how much of TeX's memory you used:
 7153 strings out of 479304
 106057 string characters out of 5869779
 424943 words of memory out of 5000000
 24202 multiletter control sequences out of 15000+600000
 406328 words of font info for 39 fonts, out of 8000000 for 9000
 1141 hyphenation exceptions out of 8191
 71i,8n,74p,291b,323s stack positions out of 5000i,500n,10000p,200000b,80000s
</usr/share/texlive/texmf-dist/fonts/type1/public/amsfonts/cm/cmex10.pfb></us
r/share/texlive/texmf-dist/fonts/type1/public/amsfonts/cm/cmmi10.pfb></usr/shar
e/texlive/texmf-dist/fonts/type1/public/amsfonts/cm/cmmi12.pfb></usr/share/texl
ive/texmf-dist/fonts/type1/public/amsfonts/cm/cmr10.pfb></usr/share/texlive/tex
mf-dist/fonts/type1/public/amsfonts/cm/cmr12.pfb></usr/share/texlive/texmf-dist
/fonts/type1/public/amsfonts/cm/cmr17.pfb></usr/share/texlive/texmf-dist/fonts/
type1/public/amsfonts/cm/cmr7.pfb></usr/share/texlive/texmf-dist/fonts/type1/pu
blic/amsfonts/cm/cmsy10.pfb>
Output written on geodesica.pdf (14 pages, 1561171 bytes).
PDF statistics:
 132 PDF objects out of 1000 (max. 8388607)
 79 compressed objects within 1 object stream
 15 named destinations out of 1000 (max. 500000)
 71 words of extra memory for PDF output out of 10000 (max. 10000000)

